<?xml version="1.0" encoding="UTF-8"?>
<!-- Generated by org.testng.reporters.JUnitReportReporter -->
<testsuite hostname="DESKTOP-OVGGG37" failures="0" tests="1" name="kiteTest.TestClass" time="4.436" errors="0" timestamp="2022-09-13T19:03:32 IST" skipped="0">
  <testcase classname="kiteTest.TestClass" name="verifyUID" time="4.436"/>
  <system-out>
    <![CDATA[Running verifyUserID]]>
  </system-out>
</testsuite> <!-- kiteTest.TestClass -->
